{"/Users/rldona/workspace/github/nike-react-native-clone/src/components/H1/index.tsx": {"path":"/Users/rldona/workspace/github/nike-react-native-clone/src/components/H1/index.tsx","statementMap":{"0":{"start":{"line":4,"column":18},"end":{"line":6,"column":1}},"1":{"start":{"line":5,"column":2},"end":{"line":5,"column":53}},"2":{"start":{"line":8,"column":15},"end":{"line":16,"column":2}}},"fnMap":{"0":{"name":"(anonymous_0)","decl":{"start":{"line":4,"column":18},"end":{"line":4,"column":19}},"loc":{"start":{"line":4,"column":39},"end":{"line":6,"column":1}},"line":4}},"branchMap":{},"s":{"0":1,"1":1,"2":1},"f":{"0":1},"b":{},"_coverageSchema":"1a1c01bbd47fc00a2c39e90264f33305004495a9","hash":"dbd0e15cd6603027fc6c5b35c315b5081d78586a"}
}
